============================================================
  Generated by:           Genus(TM) Synthesis Solution 21.14-s082_1
  Generated on:           Mar 21 2026  02:19:33 pm
  Module:                 counter
  Operating conditions:   slow (balanced_tree)
  Wireload mode:          enclosed
  Area mode:              timing library
============================================================

Timing
--------

Clock  Period 
--------------
clk   10000.0 


  Cost    Critical        No of gates on  Violating 
 Group   Path Slack  TNS   Critical Path    Paths   
----------------------------------------------------
clk          7187.3   0.0              0          0 
default    No paths   0.0                           
----------------------------------------------------
Total                 0.0                         0 

Instance Count
--------------
Leaf Instance Count             10 
Physical Instance count          0 
Sequential Instance Count        4 
Combinational Instance Count     6 
Hierarchical Instance Count      0 

Area
----
Cell Area                          115.806
Physical Cell Area                 0.000
Total Cell Area (Cell+Physical)    115.806
Net Area                           0.000
Total Area (Cell+Physical+Net)     115.806

Power
-----
Leakage Power                      702.382 nW
Dynamic Power                      14066.839 nW
Total Power                        14769.221 nW

Max Fanout                         4 (clk)
Min Fanout                         0 (n_6)
Average Fanout                     1.9
Terms to net ratio                 2.8462
Terms to instance ratio            3.7000
Runtime                            6.984645 seconds
Elapsed Runtime                    8 seconds
Genus peak memory usage            1536.36 
Innovus peak memory usage          no_value 
Hostname                           localhost
