============================================================
  Generated by:           Genus(TM) Synthesis Solution 21.14-s082_1
  Generated on:           Mar 21 2026  02:19:33 pm
  Module:                 counter
  Technology library:     slow 
  Operating conditions:   slow (balanced_tree)
  Wireload mode:          enclosed
  Area mode:              timing library
============================================================

                              
   Gate    Instances   Area   Library 
--------------------------------------
AND2X1             1    4.541    slow 
AOI2BB1XL          1    6.055    slow 
CLKINVX1           1    2.271    slow 
DFFRHQX2           2   42.386    slow 
DFFRX2             1   22.707    slow 
INVXL              1    2.271    slow 
NAND2XL            1    3.028    slow 
OA21XL             1    6.812    slow 
SDFFRHQX2          1   25.735    slow 
--------------------------------------
total             10  115.806         


                                        
     Type      Instances   Area  Area % 
----------------------------------------
sequential             4  90.828   78.4 
inverter               2   4.541    3.9 
logic                  4  20.436   17.6 
physical_cells         0   0.000    0.0 
----------------------------------------
total                 10 115.806  100.0 

