============================================================
  Generated by:           Genus(TM) Synthesis Solution 21.14-s082_1
  Generated on:           Mar 21 2026  02:19:33 pm
  Module:                 counter
  Operating conditions:   slow (balanced_tree)
  Wireload mode:          enclosed
  Area mode:              timing library
============================================================


Path 1: MET (7187 ps) Late External Delay Assertion at pin q[0]
          Group: clk
     Startpoint: (R) q_reg[0]/CK
          Clock: (R) clk
       Endpoint: (R) q[0]
          Clock: (R) clk

                     Capture       Launch     
        Clock Edge:+   10000            0     
       Src Latency:+       0            0     
       Net Latency:+       0 (I)        0 (I) 
           Arrival:=   10000            0     
                                              
      Output Delay:-    2000                  
     Required Time:=    8000                  
      Launch Clock:-       0                  
         Data Path:-     813                  
             Slack:=    7187                  

Exceptions/Constraints:
  output_delay             2000            constraints.sdc_line_16_3_1 

#----------------------------------------------------------------------------------------
# Timing Point   Flags   Arc   Edge   Cell     Fanout  Load Trans Delay Arrival Instance 
#                                                      (fF)  (ps)  (ps)   (ps)  Location 
#----------------------------------------------------------------------------------------
  q_reg[0]/CK    -       -     R     (arrival)      4     -     0     0       0    (-,-) 
  q_reg[0]/Q     -       CK->Q R     DFFRX2         3 153.5   654   813     813    (-,-) 
  q[0]           -       -     R     (port)         -     -     -     0     813    (-,-) 
#----------------------------------------------------------------------------------------



Path 2: MET (7214 ps) Late External Delay Assertion at pin q[3]
          Group: clk
     Startpoint: (R) q_reg[3]/CK
          Clock: (R) clk
       Endpoint: (R) q[3]
          Clock: (R) clk

                     Capture       Launch     
        Clock Edge:+   10000            0     
       Src Latency:+       0            0     
       Net Latency:+       0 (I)        0 (I) 
           Arrival:=   10000            0     
                                              
      Output Delay:-    2000                  
     Required Time:=    8000                  
      Launch Clock:-       0                  
         Data Path:-     786                  
             Slack:=    7214                  

Exceptions/Constraints:
  output_delay             2000            constraints.sdc_line_16 

#----------------------------------------------------------------------------------------
# Timing Point   Flags   Arc   Edge   Cell     Fanout  Load Trans Delay Arrival Instance 
#                                                      (fF)  (ps)  (ps)   (ps)  Location 
#----------------------------------------------------------------------------------------
  q_reg[3]/CK    -       -     R     (arrival)      4     -     0     0       0    (-,-) 
  q_reg[3]/Q     -       CK->Q R     SDFFRHQX2      3 155.4   656   786     786    (-,-) 
  q[3]           -       -     R     (port)         -     -     -     0     786    (-,-) 
#----------------------------------------------------------------------------------------



Path 3: MET (7217 ps) Late External Delay Assertion at pin q[1]
          Group: clk
     Startpoint: (R) q_reg[1]/CK
          Clock: (R) clk
       Endpoint: (R) q[1]
          Clock: (R) clk

                     Capture       Launch     
        Clock Edge:+   10000            0     
       Src Latency:+       0            0     
       Net Latency:+       0 (I)        0 (I) 
           Arrival:=   10000            0     
                                              
      Output Delay:-    2000                  
     Required Time:=    8000                  
      Launch Clock:-       0                  
         Data Path:-     783                  
             Slack:=    7217                  

Exceptions/Constraints:
  output_delay             2000            constraints.sdc_line_16_2_1 

#----------------------------------------------------------------------------------------
# Timing Point   Flags   Arc   Edge   Cell     Fanout  Load Trans Delay Arrival Instance 
#                                                      (fF)  (ps)  (ps)   (ps)  Location 
#----------------------------------------------------------------------------------------
  q_reg[1]/CK    -       -     R     (arrival)      4     -     0     0       0    (-,-) 
  q_reg[1]/Q     -       CK->Q R     DFFRHQX2       3 153.6   649   783     783    (-,-) 
  q[1]           -       -     R     (port)         -     -     -     0     783    (-,-) 
#----------------------------------------------------------------------------------------



Path 4: MET (7218 ps) Late External Delay Assertion at pin q[2]
          Group: clk
     Startpoint: (R) q_reg[2]/CK
          Clock: (R) clk
       Endpoint: (R) q[2]
          Clock: (R) clk

                     Capture       Launch     
        Clock Edge:+   10000            0     
       Src Latency:+       0            0     
       Net Latency:+       0 (I)        0 (I) 
           Arrival:=   10000            0     
                                              
      Output Delay:-    2000                  
     Required Time:=    8000                  
      Launch Clock:-       0                  
         Data Path:-     782                  
             Slack:=    7218                  

Exceptions/Constraints:
  output_delay             2000            constraints.sdc_line_16_1_1 

#----------------------------------------------------------------------------------------
# Timing Point   Flags   Arc   Edge   Cell     Fanout  Load Trans Delay Arrival Instance 
#                                                      (fF)  (ps)  (ps)   (ps)  Location 
#----------------------------------------------------------------------------------------
  q_reg[2]/CK    -       -     R     (arrival)      4     -     0     0       0    (-,-) 
  q_reg[2]/Q     -       CK->Q R     DFFRHQX2       3 153.2   648   782     782    (-,-) 
  q[2]           -       -     R     (port)         -     -     -     0     782    (-,-) 
#----------------------------------------------------------------------------------------



Path 5: MET (8486 ps) Setup Check with Pin q_reg[3]/CK->SE
          Group: clk
     Startpoint: (R) q_reg[0]/CK
          Clock: (R) clk
       Endpoint: (F) q_reg[3]/SE
          Clock: (R) clk

                     Capture       Launch     
        Clock Edge:+   10000            0     
       Src Latency:+       0            0     
       Net Latency:+       0 (I)        0 (I) 
           Arrival:=   10000            0     
                                              
             Setup:-     306                  
     Required Time:=    9694                  
      Launch Clock:-       0                  
         Data Path:-    1208                  
             Slack:=    8486                  

#----------------------------------------------------------------------------------------
# Timing Point   Flags   Arc   Edge   Cell     Fanout  Load Trans Delay Arrival Instance 
#                                                      (fF)  (ps)  (ps)   (ps)  Location 
#----------------------------------------------------------------------------------------
  q_reg[0]/CK    -       -     R     (arrival)      4     -     0     0       0    (-,-) 
  q_reg[0]/Q     -       CK->Q R     DFFRX2         3 153.5   654   813     813    (-,-) 
  g90__4319/Y    -       B->Y  R     AND2X1         3   5.0    95   245    1057    (-,-) 
  g87__6260/Y    -       B->Y  F     NAND2XL        2   6.5   269   151    1208    (-,-) 
  q_reg[3]/SE    -       -     F     SDFFRHQX2      2     -     -     0    1208    (-,-) 
#----------------------------------------------------------------------------------------



Path 6: MET (8517 ps) Setup Check with Pin q_reg[2]/CK->D
          Group: clk
     Startpoint: (R) q_reg[0]/CK
          Clock: (R) clk
       Endpoint: (F) q_reg[2]/D
          Clock: (R) clk

                     Capture       Launch     
        Clock Edge:+   10000            0     
       Src Latency:+       0            0     
       Net Latency:+       0 (I)        0 (I) 
           Arrival:=   10000            0     
                                              
             Setup:-     126                  
     Required Time:=    9874                  
      Launch Clock:-       0                  
         Data Path:-    1357                  
             Slack:=    8517                  

#----------------------------------------------------------------------------------------
# Timing Point   Flags   Arc   Edge   Cell     Fanout  Load Trans Delay Arrival Instance 
#                                                      (fF)  (ps)  (ps)   (ps)  Location 
#----------------------------------------------------------------------------------------
  q_reg[0]/CK    -       -     R     (arrival)      4     -     0     0       0    (-,-) 
  q_reg[0]/Q     -       CK->Q R     DFFRX2         3 153.5   654   813     813    (-,-) 
  g90__4319/Y    -       B->Y  R     AND2X1         3   5.0    95   245    1057    (-,-) 
  g87__6260/Y    -       B->Y  F     NAND2XL        2   6.5   269   151    1208    (-,-) 
  g85__2398/Y    -       B0->Y F     OA21XL         1   2.3    74   148    1357    (-,-) 
  q_reg[2]/D     -       -     F     DFFRHQX2       1     -     -     0    1357    (-,-) 
#----------------------------------------------------------------------------------------



Path 7: MET (8747 ps) Setup Check with Pin q_reg[1]/CK->D
          Group: clk
     Startpoint: (R) q_reg[0]/CK
          Clock: (R) clk
       Endpoint: (F) q_reg[1]/D
          Clock: (R) clk

                     Capture       Launch     
        Clock Edge:+   10000            0     
       Src Latency:+       0            0     
       Net Latency:+       0 (I)        0 (I) 
           Arrival:=   10000            0     
                                              
             Setup:-     134                  
     Required Time:=    9866                  
      Launch Clock:-       0                  
         Data Path:-    1120                  
             Slack:=    8747                  

#----------------------------------------------------------------------------------------
# Timing Point   Flags   Arc   Edge   Cell     Fanout  Load Trans Delay Arrival Instance 
#                                                      (fF)  (ps)  (ps)   (ps)  Location 
#----------------------------------------------------------------------------------------
  q_reg[0]/CK    -       -     R     (arrival)      4     -     0     0       0    (-,-) 
  q_reg[0]/Q     -       CK->Q R     DFFRX2         3 153.5   654   813     813    (-,-) 
  g90__4319/Y    -       B->Y  R     AND2X1         3   5.0    95   245    1057    (-,-) 
  g88__5107/Y    -       B0->Y F     AOI2BB1XL      1   2.3    78    62    1120    (-,-) 
  q_reg[1]/D     -       -     F     DFFRHQX2       1     -     -     0    1120    (-,-) 
#----------------------------------------------------------------------------------------



Path 8: MET (8845 ps) Setup Check with Pin q_reg[3]/CK->SI
          Group: clk
     Startpoint: (R) q_reg[3]/CK
          Clock: (R) clk
       Endpoint: (R) q_reg[3]/SI
          Clock: (R) clk

                     Capture       Launch     
        Clock Edge:+   10000            0     
       Src Latency:+       0            0     
       Net Latency:+       0 (I)        0 (I) 
           Arrival:=   10000            0     
                                              
             Setup:-     370                  
     Required Time:=    9630                  
      Launch Clock:-       0                  
         Data Path:-     786                  
             Slack:=    8845                  

#----------------------------------------------------------------------------------------
# Timing Point   Flags   Arc   Edge   Cell     Fanout  Load Trans Delay Arrival Instance 
#                                                      (fF)  (ps)  (ps)   (ps)  Location 
#----------------------------------------------------------------------------------------
  q_reg[3]/CK    -       -     R     (arrival)      4     -     0     0       0    (-,-) 
  q_reg[3]/Q     -       CK->Q R     SDFFRHQX2      3 155.4   656   786     786    (-,-) 
  q_reg[3]/SI    -       -     R     SDFFRHQX2      3     -     -     0     786    (-,-) 
#----------------------------------------------------------------------------------------



Path 9: MET (8945 ps) Setup Check with Pin q_reg[3]/CK->D
          Group: clk
     Startpoint: (R) q_reg[3]/CK
          Clock: (R) clk
       Endpoint: (R) q_reg[3]/D
          Clock: (R) clk

                     Capture       Launch     
        Clock Edge:+   10000            0     
       Src Latency:+       0            0     
       Net Latency:+       0 (I)        0 (I) 
           Arrival:=   10000            0     
                                              
             Setup:-     252                  
     Required Time:=    9748                  
      Launch Clock:-       0                  
         Data Path:-     803                  
             Slack:=    8945                  

#----------------------------------------------------------------------------------------
# Timing Point   Flags   Arc   Edge   Cell     Fanout  Load Trans Delay Arrival Instance 
#                                                      (fF)  (ps)  (ps)   (ps)  Location 
#----------------------------------------------------------------------------------------
  q_reg[3]/CK    -       -     R     (arrival)      4     -     0     0       0    (-,-) 
  q_reg[3]/Q     -       CK->Q F     SDFFRHQX2      3 155.4   549   697     697    (-,-) 
  g91/Y          -       A->Y  R     CLKINVX1       1   2.8   137   106     803    (-,-) 
  q_reg[3]/D     -       -     R     SDFFRHQX2      1     -     -     0     803    (-,-) 
#----------------------------------------------------------------------------------------



Path 10: MET (9406 ps) Setup Check with Pin q_reg[0]/CK->D
          Group: clk
     Startpoint: (R) q_reg[0]/CK
          Clock: (R) clk
       Endpoint: (R) q_reg[0]/D
          Clock: (R) clk

                     Capture       Launch     
        Clock Edge:+   10000            0     
       Src Latency:+       0            0     
       Net Latency:+       0 (I)        0 (I) 
           Arrival:=   10000            0     
                                              
             Setup:-     174                  
     Required Time:=    9826                  
      Launch Clock:-       0                  
         Data Path:-     421                  
             Slack:=    9406                  

#----------------------------------------------------------------------------------------
# Timing Point   Flags    Arc   Edge   Cell     Fanout Load Trans Delay Arrival Instance 
#                                                      (fF)  (ps)  (ps)   (ps)  Location 
#----------------------------------------------------------------------------------------
  q_reg[0]/CK    -       -      R     (arrival)      4    -     0     0       0    (-,-) 
  q_reg[0]/QN    -       CK->QN R     DFFRX2         1  1.7    38   421     421    (-,-) 
  q_reg[0]/D     -       -      R     DFFRX2         1    -     -     0     421    (-,-) 
#----------------------------------------------------------------------------------------

