###############################################################
#  Generated by:      Cadence Innovus 21.15-s110_1
#  OS:                Linux x86_64(Host ID c2slab.iiitt.ac.in)
#  Generated on:      Sat Mar 21 19:42:13 2026
#  Design:            counter
#  Command:           report_timing > ../final_reports/final_timing.rpt
###############################################################
Path 1: MET Late External Delay Assertion 
Endpoint:   q[0]       (^) checked with  leading edge of 'clk'
Beginpoint: q_reg[0]/Q (^) triggered by  leading edge of 'clk'
Path Groups: {clk}
Analysis View: setup_view
Other End Arrival Time          0.000
- External Delay                2.000
+ Phase Shift                  10.000
+ CPPR Adjustment               0.000
= Required Time                 8.000
- Arrival Time                  0.830
= Slack Time                    7.170
     Clock Rise Edge                 0.000
     + Clock Network Latency (Ideal) 0.000
     = Beginpoint Arrival Time       0.000
     +--------------------------------------------------------------+ 
     | Instance |     Arc     |  Cell  | Delay | Arrival | Required | 
     |          |             |        |       |  Time   |   Time   | 
     |----------+-------------+--------+-------+---------+----------| 
     | q_reg[0] | CK ^        |        |       |   0.000 |    7.170 | 
     | q_reg[0] | CK ^ -> Q ^ | DFFRX2 | 0.830 |   0.830 |    8.000 | 
     |          | q[0] ^      |        | 0.000 |   0.830 |    8.000 | 
     +--------------------------------------------------------------+ 

