Using Power View: setup_view.
Reading RCDB with compressed RC data.
Load RC corner of view setup_view
Begin Boundary Leakage Calculation
Ended Boundary Leakage Calculation: (cpu=0:00:00, real=0:00:00,
mem(process/total/peak)=1803.58MB/3540.30MB/1868.99MB)
Begin Static Power Report Generation
*----------------------------------------------------------------------------------------
*	Innovus 21.15-s110_1 (64bit) 09/23/2022 13:08 (Linux 3.10.0-693.el7.x86_64)
*	
*
* 	Date & Time:	2026-Mar-21 19:42:13 (2026-Mar-21 14:12:13 GMT)
*
*----------------------------------------------------------------------------------------
*
*	Design: counter
*
*	Liberty Libraries used:
*	        setup_view: /home/install/FOUNDRY/digital/90nm/dig/lib/slow.lib
*
*	Parasitic Files used:
*
*       Power View : setup_view
*
*       User-Defined Activity : N.A.
*
*       Activity File: N.A.
*
*       Hierarchical Global Activity: N.A.
*
*       Global Activity: N.A.
*
*       Sequential Element Activity: 0.200000
*
*       Primary Input Activity: 0.200000
*
*       Default icg ratio: N.A.
*
*       Global Comb ClockGate Ratio: N.A.
*
*	Power Units = 1mW
*
*	Time Units = 1e-09 secs
*
*       report_power
*
-----------------------------------------------------------------------------------------
*



Total Power
-----------------------------------------------------------------------------------------
Total Internal Power:        0.00909912 	   59.9290%
Total Switching Power:       0.00538167 	   35.4450%
Total Leakage Power:         0.00070238 	    4.6261%
Total Power:                 0.01518316
-----------------------------------------------------------------------------------------


Group                           Internal   Switching     Leakage       Total  Percentage 
                                Power      Power         Power         Power  (%)        
-----------------------------------------------------------------------------------------
Sequential                      0.008632    0.005041    0.000585     0.01426       93.91
Macro                                  0           0           0           0           0
IO                                     0           0           0           0           0
Combinational                  0.0004669   0.0003408   0.0001173    0.000925       6.092
Clock (Combinational)                  0           0           0           0           0
Clock (Sequential)                     0           0           0           0           0
-----------------------------------------------------------------------------------------
Total                           0.009099    0.005382   0.0007024     0.01518         100
-----------------------------------------------------------------------------------------


Rail                  Voltage   Internal   Switching     Leakage       Total  Percentage 
                                Power      Power         Power         Power  (%)        
-----------------------------------------------------------------------------------------
VDD                       0.9   0.009099    0.005382   0.0007024     0.01518         100
 
 
-----------------------------------------------------------------------------------------
*	Power Distribution Summary: 
*              Highest Average Power:                  q_reg[3] (SDFFRHQX2):          0.00383
*              Highest Leakage Power:                  q_reg[3] (SDFFRHQX2):        0.0001737
*                Total Cap:      6.64917e-13 F
*                Total instances in design:    10
*                Total instances in design with no power:     0
*                Total instances in design with no activty:     0

*                Total Fillers and Decap:     0
-----------------------------------------------------------------------------------------
 
** INFO:  (VOLTUS_POWR-3465): There are 0 decaps and 0 fillers in the design

Ended Static Power Report Generation: (cpu=0:00:00, real=0:00:00,
mem(process/total/peak)=1803.58MB/3540.30MB/1868.99MB)

